<?xml version="1.0" encoding="UTF-8"?>
<testng-results ignored="0" total="1" passed="1" failed="0" skipped="0">
  <reporter-output>
    <line>
      <![CDATA[Chrome browser launched Successfully!]]>
    </line>
    <line>
      <![CDATA[Application has been launched successfully!]]>
    </line>
    <line>
      <![CDATA[Manual Entry Paayment option selected!]]>
    </line>
    <line>
      <![CDATA[Date of Visit seleted!]]>
    </line>
    <line>
      <![CDATA[Reference Number entered successfully!]]>
    </line>
    <line>
      <![CDATA[First Name entered successfully!]]>
    </line>
    <line>
      <![CDATA[Last Name entered successfully!]]>
    </line>
    <line>
      <![CDATA[Phone/Email entered successfully!]]>
    </line>
    <line>
      <![CDATA[Amount entered successfully!]]>
    </line>
    <line>
      <![CDATA[Submit button hit successfully]]>
    </line>
    <line>
      <![CDATA[Card Number entered successfully!4012002000060016]]>
    </line>
    <line>
      <![CDATA[EXP Month entered successfully!03]]>
    </line>
    <line>
      <![CDATA[EXP Year entered successfully!2022]]>
    </line>
    <line>
      <![CDATA[Chrome browser launched Successfully!]]>
    </line>
    <line>
      <![CDATA[Application has been launched successfully!]]>
    </line>
    <line>
      <![CDATA[Manual Entry Paayment option selected!]]>
    </line>
    <line>
      <![CDATA[Date of Visit seleted!]]>
    </line>
    <line>
      <![CDATA[Reference Number entered successfully!]]>
    </line>
    <line>
      <![CDATA[First Name entered successfully!]]>
    </line>
    <line>
      <![CDATA[Last Name entered successfully!]]>
    </line>
    <line>
      <![CDATA[Phone/Email entered successfully!]]>
    </line>
    <line>
      <![CDATA[Amount entered successfully!]]>
    </line>
    <line>
      <![CDATA[Submit button hit successfully]]>
    </line>
    <line>
      <![CDATA[Card Number entered successfully!4012002000060016]]>
    </line>
    <line>
      <![CDATA[EXP Month entered successfully!03]]>
    </line>
    <line>
      <![CDATA[EXP Year entered successfully!2022]]>
    </line>
    <line>
      <![CDATA[Chrome browser launched Successfully!]]>
    </line>
    <line>
      <![CDATA[Application has been launched successfully!]]>
    </line>
    <line>
      <![CDATA[Manual Entry Paayment option selected!]]>
    </line>
    <line>
      <![CDATA[Date of Visit seleted!]]>
    </line>
    <line>
      <![CDATA[Reference Number entered successfully!]]>
    </line>
    <line>
      <![CDATA[First Name entered successfully!]]>
    </line>
    <line>
      <![CDATA[Last Name entered successfully!]]>
    </line>
    <line>
      <![CDATA[Phone/Email entered successfully!]]>
    </line>
    <line>
      <![CDATA[Amount entered successfully!]]>
    </line>
    <line>
      <![CDATA[Submit button hit successfully]]>
    </line>
    <line>
      <![CDATA[Card Number entered successfully!4012002000060016]]>
    </line>
    <line>
      <![CDATA[EXP Month entered successfully!03]]>
    </line>
    <line>
      <![CDATA[EXP Year entered successfully!2022]]>
    </line>
    <line>
      <![CDATA[Chrome browser launched Successfully!]]>
    </line>
    <line>
      <![CDATA[Application has been launched successfully!]]>
    </line>
    <line>
      <![CDATA[Manual Entry Paayment option selected!]]>
    </line>
    <line>
      <![CDATA[Date of Visit seleted!]]>
    </line>
    <line>
      <![CDATA[Reference Number entered successfully!]]>
    </line>
    <line>
      <![CDATA[First Name entered successfully!]]>
    </line>
    <line>
      <![CDATA[Last Name entered successfully!]]>
    </line>
    <line>
      <![CDATA[Phone/Email entered successfully!]]>
    </line>
    <line>
      <![CDATA[Amount entered successfully!]]>
    </line>
    <line>
      <![CDATA[Submit button hit successfully]]>
    </line>
    <line>
      <![CDATA[Card Number entered successfully!4012002000060016]]>
    </line>
    <line>
      <![CDATA[EXP Month entered successfully!03]]>
    </line>
    <line>
      <![CDATA[EXP Year entered successfully!2022]]>
    </line>
    <line>
      <![CDATA[Chrome browser launched Successfully!]]>
    </line>
    <line>
      <![CDATA[Application has been launched successfully!]]>
    </line>
    <line>
      <![CDATA[Manual Entry Paayment option selected!]]>
    </line>
    <line>
      <![CDATA[Date of Visit seleted!]]>
    </line>
    <line>
      <![CDATA[Reference Number entered successfully!]]>
    </line>
    <line>
      <![CDATA[First Name entered successfully!]]>
    </line>
    <line>
      <![CDATA[Last Name entered successfully!]]>
    </line>
    <line>
      <![CDATA[Phone/Email entered successfully!]]>
    </line>
    <line>
      <![CDATA[Amount entered successfully!]]>
    </line>
    <line>
      <![CDATA[Submit button hit successfully]]>
    </line>
    <line>
      <![CDATA[Card Number entered successfully!4012002000060016]]>
    </line>
    <line>
      <![CDATA[EXP Month entered successfully!03]]>
    </line>
    <line>
      <![CDATA[EXP Year entered successfully!2022]]>
    </line>
    <line>
      <![CDATA[Chrome browser launched Successfully!]]>
    </line>
    <line>
      <![CDATA[Application has been launched successfully!]]>
    </line>
  </reporter-output>
  <suite started-at="2021-05-22T21:19:17 IST" name="BDD Test Suite" finished-at="2021-05-22T21:25:17 IST" duration-ms="359749">
    <groups>
      <group name="cucumber">
        <method signature="TestRunner.feature(cucumber.api.testng.CucumberFeatureWrapper)[pri:0, instance:MyRunner.TestRunner@795cd85e]" name="feature" class="MyRunner.TestRunner"/>
      </group> <!-- cucumber -->
    </groups>
    <test started-at="2021-05-22T21:19:17 IST" name="LPCoreBDDFramework" finished-at="2021-05-22T21:25:17 IST" duration-ms="359749">
      <class name="MyRunner.TestRunner">
        <test-method is-config="true" signature="setUpClass()[pri:0, instance:MyRunner.TestRunner@795cd85e]" started-at="2021-05-22T21:19:17 IST" name="setUpClass" finished-at="2021-05-22T21:19:18 IST" duration-ms="244" status="PASS">
          <reporter-output>
          </reporter-output>
        </test-method> <!-- setUpClass -->
        <test-method signature="feature(cucumber.api.testng.CucumberFeatureWrapper)[pri:0, instance:MyRunner.TestRunner@795cd85e]" started-at="2021-05-22T21:19:18 IST" name="feature" description="Runs Cucumber Feature" data-provider="features" finished-at="2021-05-22T21:25:17 IST" duration-ms="359377" status="PASS">
          <params>
            <param index="0">
              <value>
                <![CDATA[LP Core functional Regression test]]>
              </value>
            </param>
          </params>
          <reporter-output>
            <line>
              <![CDATA[Chrome browser launched Successfully!]]>
            </line>
            <line>
              <![CDATA[Application has been launched successfully!]]>
            </line>
            <line>
              <![CDATA[Manual Entry Paayment option selected!]]>
            </line>
            <line>
              <![CDATA[Date of Visit seleted!]]>
            </line>
            <line>
              <![CDATA[Reference Number entered successfully!]]>
            </line>
            <line>
              <![CDATA[First Name entered successfully!]]>
            </line>
            <line>
              <![CDATA[Last Name entered successfully!]]>
            </line>
            <line>
              <![CDATA[Phone/Email entered successfully!]]>
            </line>
            <line>
              <![CDATA[Amount entered successfully!]]>
            </line>
            <line>
              <![CDATA[Submit button hit successfully]]>
            </line>
            <line>
              <![CDATA[Card Number entered successfully!4012002000060016]]>
            </line>
            <line>
              <![CDATA[EXP Month entered successfully!03]]>
            </line>
            <line>
              <![CDATA[EXP Year entered successfully!2022]]>
            </line>
            <line>
              <![CDATA[Chrome browser launched Successfully!]]>
            </line>
            <line>
              <![CDATA[Application has been launched successfully!]]>
            </line>
            <line>
              <![CDATA[Manual Entry Paayment option selected!]]>
            </line>
            <line>
              <![CDATA[Date of Visit seleted!]]>
            </line>
            <line>
              <![CDATA[Reference Number entered successfully!]]>
            </line>
            <line>
              <![CDATA[First Name entered successfully!]]>
            </line>
            <line>
              <![CDATA[Last Name entered successfully!]]>
            </line>
            <line>
              <![CDATA[Phone/Email entered successfully!]]>
            </line>
            <line>
              <![CDATA[Amount entered successfully!]]>
            </line>
            <line>
              <![CDATA[Submit button hit successfully]]>
            </line>
            <line>
              <![CDATA[Card Number entered successfully!4012002000060016]]>
            </line>
            <line>
              <![CDATA[EXP Month entered successfully!03]]>
            </line>
            <line>
              <![CDATA[EXP Year entered successfully!2022]]>
            </line>
            <line>
              <![CDATA[Chrome browser launched Successfully!]]>
            </line>
            <line>
              <![CDATA[Application has been launched successfully!]]>
            </line>
            <line>
              <![CDATA[Manual Entry Paayment option selected!]]>
            </line>
            <line>
              <![CDATA[Date of Visit seleted!]]>
            </line>
            <line>
              <![CDATA[Reference Number entered successfully!]]>
            </line>
            <line>
              <![CDATA[First Name entered successfully!]]>
            </line>
            <line>
              <![CDATA[Last Name entered successfully!]]>
            </line>
            <line>
              <![CDATA[Phone/Email entered successfully!]]>
            </line>
            <line>
              <![CDATA[Amount entered successfully!]]>
            </line>
            <line>
              <![CDATA[Submit button hit successfully]]>
            </line>
            <line>
              <![CDATA[Card Number entered successfully!4012002000060016]]>
            </line>
            <line>
              <![CDATA[EXP Month entered successfully!03]]>
            </line>
            <line>
              <![CDATA[EXP Year entered successfully!2022]]>
            </line>
            <line>
              <![CDATA[Chrome browser launched Successfully!]]>
            </line>
            <line>
              <![CDATA[Application has been launched successfully!]]>
            </line>
            <line>
              <![CDATA[Manual Entry Paayment option selected!]]>
            </line>
            <line>
              <![CDATA[Date of Visit seleted!]]>
            </line>
            <line>
              <![CDATA[Reference Number entered successfully!]]>
            </line>
            <line>
              <![CDATA[First Name entered successfully!]]>
            </line>
            <line>
              <![CDATA[Last Name entered successfully!]]>
            </line>
            <line>
              <![CDATA[Phone/Email entered successfully!]]>
            </line>
            <line>
              <![CDATA[Amount entered successfully!]]>
            </line>
            <line>
              <![CDATA[Submit button hit successfully]]>
            </line>
            <line>
              <![CDATA[Card Number entered successfully!4012002000060016]]>
            </line>
            <line>
              <![CDATA[EXP Month entered successfully!03]]>
            </line>
            <line>
              <![CDATA[EXP Year entered successfully!2022]]>
            </line>
            <line>
              <![CDATA[Chrome browser launched Successfully!]]>
            </line>
            <line>
              <![CDATA[Application has been launched successfully!]]>
            </line>
            <line>
              <![CDATA[Manual Entry Paayment option selected!]]>
            </line>
            <line>
              <![CDATA[Date of Visit seleted!]]>
            </line>
            <line>
              <![CDATA[Reference Number entered successfully!]]>
            </line>
            <line>
              <![CDATA[First Name entered successfully!]]>
            </line>
            <line>
              <![CDATA[Last Name entered successfully!]]>
            </line>
            <line>
              <![CDATA[Phone/Email entered successfully!]]>
            </line>
            <line>
              <![CDATA[Amount entered successfully!]]>
            </line>
            <line>
              <![CDATA[Submit button hit successfully]]>
            </line>
            <line>
              <![CDATA[Card Number entered successfully!4012002000060016]]>
            </line>
            <line>
              <![CDATA[EXP Month entered successfully!03]]>
            </line>
            <line>
              <![CDATA[EXP Year entered successfully!2022]]>
            </line>
            <line>
              <![CDATA[Chrome browser launched Successfully!]]>
            </line>
            <line>
              <![CDATA[Application has been launched successfully!]]>
            </line>
          </reporter-output>
        </test-method> <!-- feature -->
        <test-method is-config="true" signature="tearDownClass()[pri:0, instance:MyRunner.TestRunner@795cd85e]" started-at="2021-05-22T21:25:17 IST" name="tearDownClass" finished-at="2021-05-22T21:25:17 IST" duration-ms="19" status="PASS">
          <reporter-output>
          </reporter-output>
        </test-method> <!-- tearDownClass -->
      </class> <!-- MyRunner.TestRunner -->
    </test> <!-- LPCoreBDDFramework -->
  </suite> <!-- BDD Test Suite -->
</testng-results>
