<?xml version="1.0" encoding="UTF-8"?>
<testng-results ignored="0" total="2" passed="2" failed="0" skipped="0">
  <reporter-output>
  </reporter-output>
  <suite started-at="2021-05-29T09:47:12 IST" name="Default suite" finished-at="2021-05-29T09:47:13 IST" duration-ms="1212">
    <groups>
      <group name="cucumber">
        <method signature="TestRunner.feature(cucumber.api.testng.CucumberFeatureWrapper)[pri:0, instance:MyRunner.TestRunner@37d4349f]" name="feature" class="MyRunner.TestRunner"/>
      </group> <!-- cucumber -->
    </groups>
    <test started-at="2021-05-29T09:47:12 IST" name="Default test" finished-at="2021-05-29T09:47:13 IST" duration-ms="1212">
      <class name="MyRunner.TestRunner">
        <test-method is-config="true" signature="setUpClass()[pri:0, instance:MyRunner.TestRunner@37d4349f]" started-at="2021-05-29T09:47:12 IST" name="setUpClass" finished-at="2021-05-29T09:47:13 IST" duration-ms="696" status="PASS">
          <reporter-output>
          </reporter-output>
        </test-method> <!-- setUpClass -->
        <test-method signature="feature(cucumber.api.testng.CucumberFeatureWrapper)[pri:0, instance:MyRunner.TestRunner@37d4349f]" started-at="2021-05-29T09:47:13 IST" name="feature" description="Runs Cucumber Feature" data-provider="features" finished-at="2021-05-29T09:47:13 IST" duration-ms="126" status="PASS">
          <params>
            <param index="0">
              <value>
                <![CDATA[Contactless Payment feature]]>
              </value>
            </param>
          </params>
          <reporter-output>
          </reporter-output>
        </test-method> <!-- feature -->
        <test-method signature="feature(cucumber.api.testng.CucumberFeatureWrapper)[pri:0, instance:MyRunner.TestRunner@37d4349f]" started-at="2021-05-29T09:47:13 IST" name="feature" description="Runs Cucumber Feature" data-provider="features" finished-at="2021-05-29T09:47:13 IST" duration-ms="29" status="PASS">
          <params>
            <param index="0">
              <value>
                <![CDATA[LP Core functional Regression test]]>
              </value>
            </param>
          </params>
          <reporter-output>
          </reporter-output>
        </test-method> <!-- feature -->
        <test-method is-config="true" signature="tearDownClass()[pri:0, instance:MyRunner.TestRunner@37d4349f]" started-at="2021-05-29T09:47:13 IST" name="tearDownClass" finished-at="2021-05-29T09:47:13 IST" duration-ms="98" status="PASS">
          <reporter-output>
          </reporter-output>
        </test-method> <!-- tearDownClass -->
      </class> <!-- MyRunner.TestRunner -->
    </test> <!-- Default test -->
  </suite> <!-- Default suite -->
</testng-results>
